<?xml version="1.0" encoding="UTF-8"?>
<!-- Generated by org.testng.reporters.JUnitXMLReporter -->
<testsuite ignored="0" hostname="MSI" failures="0" tests="4" name="Default test" time="105.476" errors="0" timestamp="2026-03-16T19:21:12 IST">
  <testcase classname="com.automationlearn.tests.OrangeHRMTest" name="testAddEmployee" time="20.761"/>
  <testcase classname="com.automationlearn.tests.OrangeHRMTest" name="testLogin" time="9.384"/>
  <testcase classname="com.automationlearn.tests.OrangeHRMTest" name="testLogout" time="37.669"/>
  <testcase classname="com.automationlearn.tests.OrangeHRMTest" name="testSearchEmployee" time="31.208"/>
</testsuite> <!-- Default test -->
