<?xml version="1.0" encoding="UTF-8"?>
<!-- Generated by org.testng.reporters.JUnitXMLReporter -->
<testsuite ignored="0" hostname="MSI" failures="0" tests="3" name="Test" time="7.907" errors="0" timestamp="2026-03-11T13:55:15 IST">
  <testcase classname="com.automationlearn.tests.SmokeTest" name="verifyOrangeHRMLoads" time="0.757"/>
  <testcase classname="com.automationlearn.tests.SmokeTest" name="verifySauceDemoLoads" time="0.475"/>
  <testcase classname="com.automationlearn.tests.SmokeTest" name="verifyTheInternetLoads" time="3.685"/>
</testsuite> <!-- Test -->
