<?xml version="1.0" encoding="UTF-8"?>
<!-- Generated by org.testng.reporters.JUnitXMLReporter -->
<testsuite ignored="0" hostname="MSI" failures="0" tests="4" name="DemoQA Tests" time="21.056" errors="0" timestamp="2026-03-17T09:54:24 IST">
  <testcase classname="com.automationlearn.tests.DemoQATest" name="testTextBoxForm" time="6.954"/>
  <testcase classname="com.automationlearn.tests.DemoQATest" name="testCheckBox" time="7.634"/>
  <testcase classname="com.automationlearn.tests.DemoQATest" name="testWebTableSearch" time="3.635"/>
  <testcase classname="com.automationlearn.tests.DemoQATest" name="testWebTableAddRecord" time="17.991"/>
</testsuite> <!-- DemoQA Tests -->
