<?xml version="1.0" encoding="UTF-8"?>
<!-- Generated by org.testng.reporters.JUnitXMLReporter -->
<testsuite ignored="0" hostname="MSI" failures="0" tests="4" name="Login Tests" time="8.547" errors="0" timestamp="2026-03-11T19:06:11 IST">
  <testcase classname="com.automationlearn.tests.LoginTest" name="testInvalidLogin" time="2.485"/>
  <testcase classname="com.automationlearn.tests.LoginTest" name="testAddToCart" time="3.776"/>
  <testcase classname="com.automationlearn.tests.LoginTest" name="testEmptyUsername" time="3.576"/>
  <testcase classname="com.automationlearn.tests.LoginTest" name="testValidLogin" time="1.119"/>
</testsuite> <!-- Login Tests -->
