<?xml version="1.0" encoding="UTF-8"?>
<!-- Generated by org.testng.reporters.JUnitXMLReporter -->
<testsuite ignored="0" hostname="MSI" failures="0" tests="4" name="OrangeHRM Tests" time="49.721" errors="0" timestamp="2026-03-17T09:55:14 IST">
  <testcase classname="com.automationlearn.tests.OrangeHRMTest" name="testLogin" time="16.036"/>
  <testcase classname="com.automationlearn.tests.OrangeHRMTest" name="testAddEmployee" time="32.892"/>
  <testcase classname="com.automationlearn.tests.OrangeHRMTest" name="testLogout" time="33.922"/>
  <testcase classname="com.automationlearn.tests.OrangeHRMTest" name="testSearchEmployee" time="28.597"/>
</testsuite> <!-- OrangeHRM Tests -->
