<?xml version="1.0" encoding="UTF-8"?>
<!-- Generated by org.testng.reporters.JUnitXMLReporter -->
<testsuite ignored="0" hostname="MSI" failures="1" tests="4" name="SauceDemo Tests" time="18.899" errors="0" timestamp="2026-03-17T09:53:33 IST">
  <testcase classname="com.automationlearn.tests.LoginTest" name="testInvalidLogin" time="2.089"/>
  <testcase classname="com.automationlearn.tests.LoginTest" name="testEmptyUsername" time="2.082"/>
  <testcase classname="com.automationlearn.tests.LoginTest" name="testValidLogin" time="1.688"/>
  <testcase classname="com.automationlearn.tests.LoginTest" name="testAddToCart" time="12.542">
    <failure type="java.lang.AssertionError" message="Cart count should be 1 after adding product! expected [1] but found [0]">
      <![CDATA[java.lang.AssertionError: Cart count should be 1 after adding product! expected [1] but found [0]
at com.automationlearn.tests.LoginTest.testAddToCart(LoginTest.java:83)
at java.base/java.util.concurrent.Executors$RunnableAdapter.call(Executors.java:572)
at java.base/java.util.concurrent.FutureTask.run(FutureTask.java:317)
at java.base/java.util.concurrent.ThreadPoolExecutor.runWorker(ThreadPoolExecutor.java:1144)
at java.base/java.util.concurrent.ThreadPoolExecutor$Worker.run(ThreadPoolExecutor.java:642)
at java.base/java.lang.Thread.run(Thread.java:1583)
... Removed 16 stack frames]]>
    </failure>
  </testcase> <!-- testAddToCart -->
</testsuite> <!-- SauceDemo Tests -->
