<?xml version="1.0" encoding="UTF-8"?>
<!-- Generated by org.testng.reporters.JUnitXMLReporter -->
<testsuite ignored="0" hostname="MSI" failures="0" tests="10" name="The Internet Tests" time="29.473" errors="0" timestamp="2026-03-17T09:54:03 IST">
  <testcase classname="com.automationlearn.tests.TheInternetTest" name="testConfirmAccept" time="4.233"/>
  <testcase classname="com.automationlearn.tests.TheInternetTest" name="testDropdownSelectByIndex" time="4.593"/>
  <testcase classname="com.automationlearn.tests.TheInternetTest" name="testConfirmDismiss" time="4.782"/>
  <testcase classname="com.automationlearn.tests.TheInternetTest" name="testDropdownSelectByValue" time="4.157"/>
  <testcase classname="com.automationlearn.tests.TheInternetTest" name="testDropdownSelectByText" time="5.477"/>
  <testcase classname="com.automationlearn.tests.TheInternetTest" name="testIFrame" time="6.143"/>
  <testcase classname="com.automationlearn.tests.TheInternetTest" name="testNewWindow" time="4.195"/>
  <testcase classname="com.automationlearn.tests.TheInternetTest" name="testPromptAlert" time="4.276"/>
  <testcase classname="com.automationlearn.tests.TheInternetTest" name="testSimpleAlert" time="4.178"/>
  <testcase classname="com.automationlearn.tests.TheInternetTest" name="testSwitchBackToOriginal" time="6.344"/>
</testsuite> <!-- The Internet Tests -->
