<?xml version="1.0" encoding="UTF-8"?>
<!-- Generated by org.testng.reporters.JUnitReportReporter -->
<testsuite hostname="MSI" failures="0" tests="4" name="com.automationlearn.tests.DemoQATest" time="47.156" errors="0" timestamp="2026-03-17T09:55:14 IST" skipped="0">
  <testcase classname="com.automationlearn.tests.DemoQATest" name="testCheckBox" time="9.611"/>
  <testcase classname="com.automationlearn.tests.DemoQATest" name="testWebTableAddRecord" time="20.936"/>
  <testcase classname="com.automationlearn.tests.DemoQATest" name="testTextBoxForm" time="9.916"/>
  <testcase classname="com.automationlearn.tests.DemoQATest" name="testWebTableSearch" time="6.693"/>
</testsuite> <!-- com.automationlearn.tests.DemoQATest -->
