<?xml version="1.0" encoding="UTF-8"?>
<!-- Generated by org.testng.reporters.JUnitReportReporter -->
<testsuite hostname="MSI" failures="0" tests="4" name="com.automationlearn.tests.OrangeHRMTest" time="122.953" errors="0" timestamp="2026-03-17T09:55:14 IST" skipped="0">
  <testcase classname="com.automationlearn.tests.OrangeHRMTest" name="testLogin" time="19.086"/>
  <testcase classname="com.automationlearn.tests.OrangeHRMTest" name="testSearchEmployee" time="30.476"/>
  <testcase classname="com.automationlearn.tests.OrangeHRMTest" name="testAddEmployee" time="36.265"/>
  <testcase classname="com.automationlearn.tests.OrangeHRMTest" name="testLogout" time="37.126"/>
</testsuite> <!-- com.automationlearn.tests.OrangeHRMTest -->
