<?xml version="1.0" encoding="UTF-8"?>
<!-- Generated by org.testng.reporters.JUnitReportReporter -->
<testsuite hostname="MSI" failures="0" tests="3" name="com.automationlearn.tests.SmokeTest" time="11.903" errors="0" timestamp="2026-03-11T14:02:35 IST" skipped="0">
  <testcase classname="com.automationlearn.tests.SmokeTest" name="verifyTheInternetLoads" time="5.131"/>
  <testcase classname="com.automationlearn.tests.SmokeTest" name="verifySauceDemoLoads" time="4.752"/>
  <testcase classname="com.automationlearn.tests.SmokeTest" name="verifyOrangeHRMLoads" time="2.020"/>
</testsuite> <!-- com.automationlearn.tests.SmokeTest -->
