<?xml version="1.0" encoding="UTF-8"?>
<!-- Generated by org.testng.reporters.JUnitReportReporter -->
<testsuite hostname="MSI" failures="0" tests="10" name="com.automationlearn.tests.TheInternetTest" time="74.916" errors="0" timestamp="2026-03-17T09:55:14 IST" skipped="0">
  <testcase classname="com.automationlearn.tests.TheInternetTest" name="testDropdownSelectByIndex" time="7.539"/>
  <testcase classname="com.automationlearn.tests.TheInternetTest" name="testDropdownSelectByText" time="7.352"/>
  <testcase classname="com.automationlearn.tests.TheInternetTest" name="testSwitchBackToOriginal" time="9.224"/>
  <testcase classname="com.automationlearn.tests.TheInternetTest" name="testPromptAlert" time="7.344"/>
  <testcase classname="com.automationlearn.tests.TheInternetTest" name="testConfirmAccept" time="7.227"/>
  <testcase classname="com.automationlearn.tests.TheInternetTest" name="testDropdownSelectByValue" time="6.417"/>
  <testcase classname="com.automationlearn.tests.TheInternetTest" name="testSimpleAlert" time="6.322"/>
  <testcase classname="com.automationlearn.tests.TheInternetTest" name="testConfirmDismiss" time="7.016"/>
  <testcase classname="com.automationlearn.tests.TheInternetTest" name="testNewWindow" time="7.298"/>
  <testcase classname="com.automationlearn.tests.TheInternetTest" name="testIFrame" time="9.177"/>
</testsuite> <!-- com.automationlearn.tests.TheInternetTest -->
